<?xml version="1.0" encoding="UTF-8"?>
<!-- Generated by org.testng.reporters.JUnitReportReporter -->
<testsuite hostname="DESKTOP-241EO4N" failures="0" tests="1" name="Base.BaseEbay" time="15.568" errors="0" timestamp="2024-05-12T19:22:35 ART" skipped="0">
  <testcase classname="Base.BaseEbay" name="ebayProduct" time="15.568"/>
  <system-out/>
</testsuite> <!-- Base.BaseEbay -->
