<?xml version="1.0" encoding="UTF-8"?>
<!-- Generated by org.testng.reporters.JUnitReportReporter -->
<testsuite hostname="DESKTOP-241EO4N" failures="0" tests="1" name="Base.BaseApi" time="1.828" errors="0" timestamp="2024-05-13T20:12:54 ART" skipped="0">
  <testcase classname="Base.BaseApi" name="obtenerComicsPorID" time="1.828"/>
  <system-out/>
</testsuite> <!-- Base.BaseApi -->
