<?xml version="1.0" encoding="UTF-8"?>
<!-- Generated by org.testng.reporters.JUnitReportReporter -->
<testsuite hostname="DESKTOP-241EO4N" failures="0" tests="1" name="Objects.objectApi" time="3.772" errors="0" timestamp="2024-05-13T18:29:58 ART" skipped="0">
  <testcase classname="Objects.objectApi" name="main" time="3.772"/>
  <system-out/>
</testsuite> <!-- Objects.objectApi -->
