<?xml version="1.0" encoding="UTF-8"?>
<!-- Generated by org.testng.reporters.JUnitReportReporter -->
<testsuite hostname="DESKTOP-241EO4N" failures="0" tests="5" name="Base.BaseGoogle" time="52.006" errors="0" timestamp="2024-05-12T19:45:03 ART" skipped="0">
  <testcase classname="Base.BaseGoogle" name="primerTest" time="12.162"/>
  <system-out/>
  <testcase classname="Base.BaseGoogle" name="segundoTest" time="7.980"/>
  <system-out/>
  <testcase classname="Base.BaseGoogle" name="tercerTest" time="7.566"/>
  <system-out/>
  <testcase classname="Base.BaseGoogle" name="cuartoTest" time="15.200"/>
  <system-out/>
  <testcase classname="Base.BaseGoogle" name="quintoTest" time="9.098"/>
  <system-out/>
</testsuite> <!-- Base.BaseGoogle -->
